<?xml version="1.0" encoding="UTF-8"?>
<!-- Generated by org.testng.reporters.JUnitXMLReporter -->
<testsuite ignored="3" hostname="LAPTOP-3O21V2C5" failures="0" tests="1" name="SanityCheck" time="9.921" errors="0" timestamp="2024-11-25T11:02:46 IST">
  <testcase classname="testExecution.HomePageTest" name="orderStatusValidation" time="1.058"/>
  <testcase classname="testExecution.HomePageTest" name="brokenURLHomepage_TC102_to_TC103" time="0.0">
    <ignored/>
  </testcase> <!-- brokenURLHomepage_TC102_to_TC103 -->
  <testcase classname="testExecution.HomePageTest" name="bottomOrderPurchasesLinks_TC104_to_TC110" time="0.0">
    <ignored/>
  </testcase> <!-- bottomOrderPurchasesLinks_TC104_to_TC110 -->
  <testcase classname="testExecution.HomePageTest" name="searchAddItemsCart_TC111" time="0.0">
    <ignored/>
  </testcase> <!-- searchAddItemsCart_TC111 -->
</testsuite> <!-- SanityCheck -->
