<?xml version="1.0" encoding="UTF-8"?>
<testng-results ignored="0" total="0" passed="0" failed="0" skipped="0">
  <reporter-output>
  </reporter-output>
  <suite started-at="2025-02-21T15:06:53 IST" name="BestBuy-BDD" finished-at="2025-02-21T15:06:53 IST" duration-ms="15">
    <groups>
    </groups>
    <test started-at="2025-02-21T15:06:53 IST" name="Cucumber Test" finished-at="2025-02-21T15:06:53 IST" duration-ms="15">
    </test> <!-- Cucumber Test -->
  </suite> <!-- BestBuy-BDD -->
</testng-results>
