<?xml version="1.0" encoding="UTF-8"?>
<testng-results ignored="0" total="1" passed="1" failed="0" skipped="0">
  <reporter-output>
  </reporter-output>
  <suite started-at="2024-11-25T11:02:35 IST" name="Suite" finished-at="2024-11-25T11:02:45 IST" duration-ms="9921">
    <groups>
      <group name="jenkins">
        <method signature="HomePageTest.orderStatusValidation()[pri:3, instance:testExecution.HomePageTest@841e575]" name="orderStatusValidation" class="testExecution.HomePageTest"/>
      </group> <!-- jenkins -->
    </groups>
    <test started-at="2024-11-25T11:02:35 IST" name="SanityCheck" finished-at="2024-11-25T11:02:45 IST" duration-ms="9921">
      <class name="testExecution.HomePageTest">
        <test-method is-config="true" signature="setUp(java.lang.String,java.lang.String,java.lang.String)[pri:0, instance:testExecution.HomePageTest@841e575]" started-at="2024-11-25T11:02:36 IST" name="setUp" finished-at="2024-11-25T11:02:44 IST" duration-ms="8169" status="PASS">
          <params>
            <param index="0">
              <value>
                <![CDATA[LocalHost]]>
              </value>
            </param>
            <param index="1">
              <value>
                <![CDATA[Windows]]>
              </value>
            </param>
            <param index="2">
              <value>
                <![CDATA[Chrome]]>
              </value>
            </param>
          </params>
          <reporter-output>
          </reporter-output>
        </test-method> <!-- setUp -->
        <test-method signature="orderStatusValidation()[pri:3, instance:testExecution.HomePageTest@841e575]" started-at="2024-11-25T11:02:44 IST" name="orderStatusValidation" description="Verify user is able to fetch the orderstatus" finished-at="2024-11-25T11:02:45 IST" duration-ms="1058" status="PASS">
          <reporter-output>
          </reporter-output>
        </test-method> <!-- orderStatusValidation -->
        <test-method is-config="true" signature="tearDown(java.lang.String)[pri:0, instance:testExecution.HomePageTest@841e575]" started-at="2024-11-25T11:02:45 IST" name="tearDown" finished-at="2024-11-25T11:02:45 IST" duration-ms="344" status="PASS">
          <params>
            <param index="0">
              <value>
                <![CDATA[Chrome]]>
              </value>
            </param>
          </params>
          <reporter-output>
          </reporter-output>
        </test-method> <!-- tearDown -->
      </class> <!-- testExecution.HomePageTest -->
    </test> <!-- SanityCheck -->
  </suite> <!-- Suite -->
</testng-results>
